<?xml version="1.0" encoding="UTF-8"?>
<!-- Generated by org.testng.reporters.JUnitReportReporter -->
<testsuite hostname="LAPTOP-D1HCJ82U" failures="0" tests="7" name="tests.SauceLoginTest" time="9.722" errors="0" timestamp="2025-08-07T14:40:34 ICT" skipped="0">
  <testcase classname="tests.SauceLoginTest" name="testLoginWithEmptyUsername" time="0.706"/>
  <testcase classname="tests.SauceLoginTest" name="testLoginSuccess" time="1.078"/>
  <testcase classname="tests.SauceLoginTest" name="testLoginWithInvalidPassword" time="0.807"/>
  <testcase classname="tests.SauceLoginTest" name="testLoginWithLockedUser" time="1.168"/>
  <testcase classname="tests.SauceLoginTest" name="testLoginWithEmptyCredentials" time="4.545"/>
  <testcase classname="tests.SauceLoginTest" name="testLoginWithEmptyPassword" time="0.672"/>
  <testcase classname="tests.SauceLoginTest" name="testLoginWithInvalidUsername" time="0.746"/>
</testsuite> <!-- tests.SauceLoginTest -->
