<?xml version="1.0" encoding="UTF-8"?>
<!-- Generated by org.testng.reporters.JUnitReportReporter -->
<testsuite hostname="LAPTOP-D1HCJ82U" failures="0" tests="1" name="tests.ProductDetailTest" time="1.723" errors="0" timestamp="2025-08-07T21:45:43 ICT" skipped="0">
  <testcase classname="tests.ProductDetailTest" name="testClickFirstProductOpensDetailPage" time="1.723"/>
</testsuite> <!-- tests.ProductDetailTest -->
