<?xml version="1.0" encoding="UTF-8"?>
<!-- Generated by org.testng.reporters.JUnitReportReporter -->
<testsuite hostname="LAPTOP-D1HCJ82U" failures="0" tests="1" name="tests.SauceLoginTest" time="3.880" errors="0" timestamp="2025-08-06T15:46:48 ICT" skipped="0">
  <testcase classname="tests.SauceLoginTest" name="testLoginSuccess" time="3.880"/>
</testsuite> <!-- tests.SauceLoginTest -->
