<?xml version="1.0" encoding="UTF-8"?>
<!-- Generated by org.testng.reporters.JUnitReportReporter -->
<testsuite hostname="LAPTOP-D1HCJ82U" failures="0" tests="4" name="tests.ProductSortTest" time="23.060" errors="0" timestamp="2025-08-07T21:12:07 ICT" skipped="0">
  <testcase classname="tests.ProductSortTest" name="testSortProductByPriceLowToHigh" time="5.361"/>
  <testcase classname="tests.ProductSortTest" name="testSortProductByPriceHighToLow" time="6.402"/>
  <testcase classname="tests.ProductSortTest" name="testSortProductByNameAZ" time="5.481"/>
  <testcase classname="tests.ProductSortTest" name="testSortProductByNameZA" time="5.816"/>
</testsuite> <!-- tests.ProductSortTest -->
