<?xml version="1.0" encoding="UTF-8"?>
<!-- Generated by org.testng.reporters.JUnitReportReporter -->
<testsuite hostname="LAPTOP-D1HCJ82U" failures="0" tests="3" name="tests.CartTest" time="4.414" errors="0" timestamp="2025-08-07T23:52:32 ICT" skipped="0">
  <testcase classname="tests.CartTest" name="testAddThenRemoveFirstItemOnSamePage" time="1.822"/>
  <testcase classname="tests.CartTest" name="testAddToCartThenGoToCart" time="0.745"/>
  <testcase classname="tests.CartTest" name="testRemoveFromCart" time="1.847"/>
</testsuite> <!-- tests.CartTest -->
